2026-06-21 23:25:30.420 Serialization of dataframe to Arrow table was unsuccessful. Applying automatic fixes for column types to make the dataframe Arrow-compatible.
Traceback (most recent call last):
  File "C:\Users\pc\AppData\Local\Programs\Python\Python311\Lib\site-packages\streamlit\dataframe_util.py", line 821, in convert_pandas_df_to_arrow_bytes
    table = pa.Table.from_pandas(df)
            ^^^^^^^^^^^^^^^^^^^^^^^^
  File "pyarrow\\table.pxi", line 4795, in pyarrow.lib.Table.from_pandas
  File "C:\Users\pc\AppData\Local\Programs\Python\Python311\Lib\site-packages\pyarrow\pandas_compat.py", line 637, in dataframe_to_arrays
    arrays = [convert_column(c, f)
             ^^^^^^^^^^^^^^^^^^^^^
  File "C:\Users\pc\AppData\Local\Programs\Python\Python311\Lib\site-packages\pyarrow\pandas_compat.py", line 637, in <listcomp>
    arrays = [convert_column(c, f)
              ^^^^^^^^^^^^^^^^^^^^
  File "C:\Users\pc\AppData\Local\Programs\Python\Python311\Lib\site-packages\pyarrow\pandas_compat.py", line 625, in convert_column
    raise e
  File "C:\Users\pc\AppData\Local\Programs\Python\Python311\Lib\site-packages\pyarrow\pandas_compat.py", line 619, in convert_column
    result = pa.array(col, type=type_, from_pandas=True, safe=safe)
             ^^^^^^^^^^^^^^^^^^^^^^^^^^^^^^^^^^^^^^^^^^^^^^^^^^^^^^
  File "pyarrow\\array.pxi", line 365, in pyarrow.lib.array
  File "pyarrow\\array.pxi", line 91, in pyarrow.lib._ndarray_to_array
  File "pyarrow\\error.pxi", line 92, in pyarrow.lib.check_status
pyarrow.lib.ArrowTypeError: ("Expected bytes, got a 'int' object", 'Conversion failed for column Valeur with type object')
2026-06-21 23:31:06.780 Serialization of dataframe to Arrow table was unsuccessful. Applying automatic fixes for column types to make the dataframe Arrow-compatible.
Traceback (most recent call last):
  File "C:\Users\pc\AppData\Local\Programs\Python\Python311\Lib\site-packages\streamlit\dataframe_util.py", line 821, in convert_pandas_df_to_arrow_bytes
    table = pa.Table.from_pandas(df)
            ^^^^^^^^^^^^^^^^^^^^^^^^
  File "pyarrow\\table.pxi", line 4795, in pyarrow.lib.Table.from_pandas
  File "C:\Users\pc\AppData\Local\Programs\Python\Python311\Lib\site-packages\pyarrow\pandas_compat.py", line 637, in dataframe_to_arrays
    arrays = [convert_column(c, f)
             ^^^^^^^^^^^^^^^^^^^^^
  File "C:\Users\pc\AppData\Local\Programs\Python\Python311\Lib\site-packages\pyarrow\pandas_compat.py", line 637, in <listcomp>
    arrays = [convert_column(c, f)
              ^^^^^^^^^^^^^^^^^^^^
  File "C:\Users\pc\AppData\Local\Programs\Python\Python311\Lib\site-packages\pyarrow\pandas_compat.py", line 625, in convert_column
    raise e
  File "C:\Users\pc\AppData\Local\Programs\Python\Python311\Lib\site-packages\pyarrow\pandas_compat.py", line 619, in convert_column
    result = pa.array(col, type=type_, from_pandas=True, safe=safe)
             ^^^^^^^^^^^^^^^^^^^^^^^^^^^^^^^^^^^^^^^^^^^^^^^^^^^^^^
  File "pyarrow\\array.pxi", line 365, in pyarrow.lib.array
  File "pyarrow\\array.pxi", line 91, in pyarrow.lib._ndarray_to_array
  File "pyarrow\\error.pxi", line 92, in pyarrow.lib.check_status
pyarrow.lib.ArrowTypeError: ("Expected bytes, got a 'int' object", 'Conversion failed for column Valeur with type object')
2026-06-21 23:36:13.003 Serialization of dataframe to Arrow table was unsuccessful. Applying automatic fixes for column types to make the dataframe Arrow-compatible.
Traceback (most recent call last):
  File "C:\Users\pc\AppData\Local\Programs\Python\Python311\Lib\site-packages\streamlit\dataframe_util.py", line 821, in convert_pandas_df_to_arrow_bytes
    table = pa.Table.from_pandas(df)
            ^^^^^^^^^^^^^^^^^^^^^^^^
  File "pyarrow\\table.pxi", line 4795, in pyarrow.lib.Table.from_pandas
  File "C:\Users\pc\AppData\Local\Programs\Python\Python311\Lib\site-packages\pyarrow\pandas_compat.py", line 637, in dataframe_to_arrays
    arrays = [convert_column(c, f)
             ^^^^^^^^^^^^^^^^^^^^^
  File "C:\Users\pc\AppData\Local\Programs\Python\Python311\Lib\site-packages\pyarrow\pandas_compat.py", line 637, in <listcomp>
    arrays = [convert_column(c, f)
              ^^^^^^^^^^^^^^^^^^^^
  File "C:\Users\pc\AppData\Local\Programs\Python\Python311\Lib\site-packages\pyarrow\pandas_compat.py", line 625, in convert_column
    raise e
  File "C:\Users\pc\AppData\Local\Programs\Python\Python311\Lib\site-packages\pyarrow\pandas_compat.py", line 619, in convert_column
    result = pa.array(col, type=type_, from_pandas=True, safe=safe)
             ^^^^^^^^^^^^^^^^^^^^^^^^^^^^^^^^^^^^^^^^^^^^^^^^^^^^^^
  File "pyarrow\\array.pxi", line 365, in pyarrow.lib.array
  File "pyarrow\\array.pxi", line 91, in pyarrow.lib._ndarray_to_array
  File "pyarrow\\error.pxi", line 92, in pyarrow.lib.check_status
pyarrow.lib.ArrowTypeError: ("Expected bytes, got a 'int' object", 'Conversion failed for column Valeur with type object')
2026-06-21 23:39:06.921 Serialization of dataframe to Arrow table was unsuccessful. Applying automatic fixes for column types to make the dataframe Arrow-compatible.
Traceback (most recent call last):
  File "C:\Users\pc\AppData\Local\Programs\Python\Python311\Lib\site-packages\streamlit\dataframe_util.py", line 821, in convert_pandas_df_to_arrow_bytes
    table = pa.Table.from_pandas(df)
            ^^^^^^^^^^^^^^^^^^^^^^^^
  File "pyarrow\\table.pxi", line 4795, in pyarrow.lib.Table.from_pandas
  File "C:\Users\pc\AppData\Local\Programs\Python\Python311\Lib\site-packages\pyarrow\pandas_compat.py", line 637, in dataframe_to_arrays
    arrays = [convert_column(c, f)
             ^^^^^^^^^^^^^^^^^^^^^
  File "C:\Users\pc\AppData\Local\Programs\Python\Python311\Lib\site-packages\pyarrow\pandas_compat.py", line 637, in <listcomp>
    arrays = [convert_column(c, f)
              ^^^^^^^^^^^^^^^^^^^^
  File "C:\Users\pc\AppData\Local\Programs\Python\Python311\Lib\site-packages\pyarrow\pandas_compat.py", line 625, in convert_column
    raise e
  File "C:\Users\pc\AppData\Local\Programs\Python\Python311\Lib\site-packages\pyarrow\pandas_compat.py", line 619, in convert_column
    result = pa.array(col, type=type_, from_pandas=True, safe=safe)
             ^^^^^^^^^^^^^^^^^^^^^^^^^^^^^^^^^^^^^^^^^^^^^^^^^^^^^^
  File "pyarrow\\array.pxi", line 365, in pyarrow.lib.array
  File "pyarrow\\array.pxi", line 91, in pyarrow.lib._ndarray_to_array
  File "pyarrow\\error.pxi", line 92, in pyarrow.lib.check_status
pyarrow.lib.ArrowTypeError: ("Expected bytes, got a 'int' object", 'Conversion failed for column Valeur with type object')
